Using pre-set license
Built from '2020.3/staging' branch; Version is '2020.3.32f1 (12f8b0834f07) revision 1243312'; Using compiler version '192528614'; Build Type 'Release'
OS: 'Windows 10  (10.0.19043) 64bit Core' Language: 'en' Physical Memory: 8101 MB
BatchMode: 1, IsHumanControllingUs: 0, StartBugReporterOnCrash: 0, Is64bit: 1, IsPro: 0

COMMAND LINE ARGUMENTS:
C:\Program Files\Unity\Hub\Editor\2020.3.32f1\Editor\Unity.exe
-adb2
-batchMode
-noUpm
-name
AssetImportWorker0
-projectPath
C:/Users/divis/Documents/IIIT Hyderabad/2nd sem/My project (1)
-logFile
Logs/AssetImportWorker0.log
-srvPort
49679
Successfully changed project path to: C:/Users/divis/Documents/IIIT Hyderabad/2nd sem/My project (1)
C:/Users/divis/Documents/IIIT Hyderabad/2nd sem/My project (1)
Using Asset Import Pipeline V2.
Refreshing native plugins compatible for Editor in 59.57 ms, found 5 plugins.
Preloading 1 native plugins for Editor in 1.79 ms.
Initialize engine version: 2020.3.32f1 (12f8b0834f07)
[Subsystems] Discovering subsystems at path C:/Program Files/Unity/Hub/Editor/2020.3.32f1/Editor/Data/Resources/UnitySubsystems
[Subsystems] Discovering subsystems at path C:/Users/divis/Documents/IIIT Hyderabad/2nd sem/My project (1)/Assets
GfxDevice: creating device client; threaded=0
Direct3D:
    Version:  Direct3D 11.0 [level 11.1]
    Renderer: Intel(R) UHD Graphics 620 (ID=0x5917)
    Vendor:   
    VRAM:     4050 MB
    Driver:   23.20.16.4973
Initialize mono
Mono path[0] = 'C:/Program Files/Unity/Hub/Editor/2020.3.32f1/Editor/Data/Managed'
Mono path[1] = 'C:/Program Files/Unity/Hub/Editor/2020.3.32f1/Editor/Data/MonoBleedingEdge/lib/mono/unityjit'
Mono config path = 'C:/Program Files/Unity/Hub/Editor/2020.3.32f1/Editor/Data/MonoBleedingEdge/etc'
Using monoOptions --debugger-agent=transport=dt_socket,embedding=1,server=y,suspend=n,address=127.0.0.1:56916
Begin MonoManager ReloadAssembly
Registering precompiled unity dll's ...
Register platform support module: C:/Program Files/Unity/Hub/Editor/2020.3.32f1/Editor/Data/PlaybackEngines/WebGLSupport/UnityEditor.WebGL.Extensions.dll
Register platform support module: C:/Program Files/Unity/Hub/Editor/2020.3.32f1/Editor/Data/PlaybackEngines/WindowsStandaloneSupport/UnityEditor.WindowsStandalone.Extensions.dll
Registered in 0.004729 seconds.
Native extension for WindowsStandalone target not found
Native extension for WebGL target not found
Refreshing native plugins compatible for Editor in 57.82 ms, found 5 plugins.
Preloading 1 native plugins for Editor in 0.13 ms.
Mono: successfully reloaded assembly
- Completed reload, in  0.743 seconds
Domain Reload Profiling:
	ReloadAssembly (744ms)
		BeginReloadAssembly (90ms)
			ExecutionOrderSort (0ms)
			DisableScriptedObjects (0ms)
			BackupInstance (0ms)
			ReleaseScriptingObjects (0ms)
			CreateAndSetChildDomain (1ms)
		EndReloadAssembly (564ms)
			LoadAssemblies (88ms)
			RebuildTransferFunctionScriptingTraits (0ms)
			SetupTypeCache (192ms)
			ReleaseScriptCaches (0ms)
			RebuildScriptCaches (37ms)
			SetupLoadedEditorAssemblies (200ms)
				LogAssemblyErrors (0ms)
				InitializePlatformSupportModulesInManaged (6ms)
				SetLoadedEditorAssemblies (0ms)
				RefreshPlugins (58ms)
				BeforeProcessingInitializeOnLoad (9ms)
				ProcessInitializeOnLoadAttributes (93ms)
				ProcessInitializeOnLoadMethodAttributes (33ms)
				AfterProcessingInitializeOnLoad (0ms)
				EditorAssembliesLoaded (0ms)
			ExecutionOrderSort2 (0ms)
			AwakeInstancesAfterBackupRestoration (0ms)
Platform modules already initialized, skipping
Registering precompiled user dll's ...
Registered in 0.006960 seconds.
Begin MonoManager ReloadAssembly
Native extension for WindowsStandalone target not found
Native extension for WebGL target not found
Refreshing native plugins compatible for Editor in 51.16 ms, found 5 plugins.
Preloading 1 native plugins for Editor in 0.14 ms.
[XR] OculusXRPlugin: registering subsystems
[XR] Unable to register display lifecyle provider: [1]
[XR] Oculus Input lifecycle provider registered.
[XR] Unable to register input lifecyle provider: [1]
System.Reflection.TargetInvocationException: Exception has been thrown by the target of an invocation. ---> System.NullReferenceException: Object reference not set to an instance of an object
  at Unity.XR.Oculus.OculusLoader.AssetPathToAbsolutePath (System.String assetPath) [0x00048] in C:\Users\divis\Documents\IIIT Hyderabad\2nd sem\My project (1)\Library\PackageCache\com.unity.xr.oculus@1.12.0\Runtime\OculusLoader.cs:251 
  at Unity.XR.Oculus.OculusLoader.EditorLoadOVRPlugin () [0x0007b] in C:\Users\divis\Documents\IIIT Hyderabad\2nd sem\My project (1)\Library\PackageCache\com.unity.xr.oculus@1.12.0\Runtime\OculusLoader.cs:236 
  at (wrapper managed-to-native) System.Reflection.MonoMethod.InternalInvoke(System.Reflection.MonoMethod,object,object[],System.Exception&)
  at System.Reflection.MonoMethod.Invoke (System.Object obj, System.Reflection.BindingFlags invokeAttr, System.Reflection.Binder binder, System.Object[] parameters, System.Globalization.CultureInfo culture) [0x00032] in <695d1cc93cca45069c528c15c9fdd749>:0 
   --- End of inner exception stack trace ---
  at System.Reflection.MonoMethod.Invoke (System.Object obj, System.Reflection.BindingFlags invokeAttr, System.Reflection.Binder binder, System.Object[] parameters, System.Globalization.CultureInfo culture) [0x00048] in <695d1cc93cca45069c528c15c9fdd749>:0 
  at System.Reflection.MethodBase.Invoke (System.Object obj, System.Object[] parameters) [0x00000] in <695d1cc93cca45069c528c15c9fdd749>:0 
  at UnityEditor.EditorAssemblies.ProcessInitializeOnLoadMethodAttributes () [0x00047] in <294703faec74477f8b275446429fba82>:0 
UnityEngine.StackTraceUtility:ExtractStackTrace ()
UnityEngine.DebugLogHandler:LogFormat (UnityEngine.LogType,UnityEngine.Object,string,object[])
UnityEngine.Logger:Log (UnityEngine.LogType,object)
UnityEngine.Debug:LogError (object)
UnityEditor.EditorAssemblies:ProcessInitializeOnLoadMethodAttributes ()

Mono: successfully reloaded assembly
- Completed reload, in  1.370 seconds
Domain Reload Profiling:
	ReloadAssembly (1371ms)
		BeginReloadAssembly (189ms)
			ExecutionOrderSort (0ms)
			DisableScriptedObjects (5ms)
			BackupInstance (0ms)
			ReleaseScriptingObjects (0ms)
			CreateAndSetChildDomain (22ms)
		EndReloadAssembly (1108ms)
			LoadAssemblies (133ms)
			RebuildTransferFunctionScriptingTraits (0ms)
			SetupTypeCache (334ms)
			ReleaseScriptCaches (0ms)
			RebuildScriptCaches (55ms)
			SetupLoadedEditorAssemblies (456ms)
				LogAssemblyErrors (0ms)
				InitializePlatformSupportModulesInManaged (5ms)
				SetLoadedEditorAssemblies (0ms)
				RefreshPlugins (51ms)
				BeforeProcessingInitializeOnLoad (87ms)
				ProcessInitializeOnLoadAttributes (278ms)
				ProcessInitializeOnLoadMethodAttributes (24ms)
				AfterProcessingInitializeOnLoad (10ms)
				EditorAssembliesLoaded (0ms)
			ExecutionOrderSort2 (0ms)
			AwakeInstancesAfterBackupRestoration (7ms)
Platform modules already initialized, skipping
========================================================================
Worker process is ready to serve import requests
Launched and connected shader compiler UnityShaderCompiler.exe after 0.09 seconds
Refreshing native plugins compatible for Editor in 0.72 ms, found 5 plugins.
Preloading 1 native plugins for Editor in 0.21 ms.
Unloading 2248 Unused Serialized files (Serialized files now loaded: 0)
System memory in use before: 95.0 MB.
System memory in use after: 95.1 MB.

Unloading 21 unused Assets to reduce memory usage. Loaded Objects now: 2686.
Total: 3.882500 ms (FindLiveObjects: 0.186900 ms CreateObjectMapping: 0.089000 ms MarkObjects: 3.517000 ms  DeleteObjects: 0.088300 ms)

AssetImportParameters requested are different than current active one (requested -> active):
  custom:framework-win-MediaFoundation: 216162199b28c13a410421893ffa2e32 -> 
  custom:video-decoder-ogg-theora: a1e56fd34408186e4bbccfd4996cb3dc -> 
  custom:container-muxer-webm: aa71ff27fc2769a1b78a27578f13a17b -> 
  custom:container-demuxer-webm: 4f35f7cbe854078d1ac9338744f61a02 -> 
  custom:container-demuxer-ogg: 62fdf1f143b41e24485cea50d1cbac27 -> 
  custom:video-encoder-webm-vp8: eb34c28f22e8b96e1ab97ce403110664 -> 
  custom:video-codec-MediaFoundation-h265: 746d11721c4dcdbdad8f713fa42b33f4 -> 
  custom:video-decoder-webm-vp8: 9c59270c3fd7afecdb556c50c9e8de78 -> 
  custom:audio-decoder-ogg-vorbis: bf7c407c2cedff20999df2af8eb42d56 -> 
  custom:audio-encoder-webm-vorbis: bf7c407c2cedff20999df2af8eb42d56 -> 
========================================================================
Received Import Request.
  path: Assets/Scenes/Game.unity
  artifactKey: Guid(9fc0d4010bbf28b4594072e72b8655ab) Importer(815301076,1909f56bfc062723c751e8b465ee728b)
Start importing Assets/Scenes/Game.unity using Guid(9fc0d4010bbf28b4594072e72b8655ab) Importer(815301076,1909f56bfc062723c751e8b465ee728b)  -> (artifact id: '5baf2d9011f03bf5d09ea2dd6b4bd69c') in 0.013721 seconds 
========================================================================
Received Prepare
Registering precompiled user dll's ...
Registered in 0.008936 seconds.
Begin MonoManager ReloadAssembly
Native extension for WindowsStandalone target not found
Native extension for WebGL target not found
Refreshing native plugins compatible for Editor in 0.56 ms, found 5 plugins.
Preloading 1 native plugins for Editor in 0.12 ms.
System.Reflection.TargetInvocationException: Exception has been thrown by the target of an invocation. ---> System.NullReferenceException: Object reference not set to an instance of an object
  at Unity.XR.Oculus.OculusLoader.AssetPathToAbsolutePath (System.String assetPath) [0x00048] in C:\Users\divis\Documents\IIIT Hyderabad\2nd sem\My project (1)\Library\PackageCache\com.unity.xr.oculus@1.12.0\Runtime\OculusLoader.cs:251 
  at Unity.XR.Oculus.OculusLoader.EditorLoadOVRPlugin () [0x0007b] in C:\Users\divis\Documents\IIIT Hyderabad\2nd sem\My project (1)\Library\PackageCache\com.unity.xr.oculus@1.12.0\Runtime\OculusLoader.cs:236 
  at (wrapper managed-to-native) System.Reflection.MonoMethod.InternalInvoke(System.Reflection.MonoMethod,object,object[],System.Exception&)
  at System.Reflection.MonoMethod.Invoke (System.Object obj, System.Reflection.BindingFlags invokeAttr, System.Reflection.Binder binder, System.Object[] parameters, System.Globalization.CultureInfo culture) [0x00032] in <695d1cc93cca45069c528c15c9fdd749>:0 
   --- End of inner exception stack trace ---
  at System.Reflection.MonoMethod.Invoke (System.Object obj, System.Reflection.BindingFlags invokeAttr, System.Reflection.Binder binder, System.Object[] parameters, System.Globalization.CultureInfo culture) [0x00048] in <695d1cc93cca45069c528c15c9fdd749>:0 
  at System.Reflection.MethodBase.Invoke (System.Object obj, System.Object[] parameters) [0x00000] in <695d1cc93cca45069c528c15c9fdd749>:0 
  at UnityEditor.EditorAssemblies.ProcessInitializeOnLoadMethodAttributes () [0x00047] in <294703faec74477f8b275446429fba82>:0 
UnityEngine.StackTraceUtility:ExtractStackTrace ()
UnityEngine.DebugLogHandler:LogFormat (UnityEngine.LogType,UnityEngine.Object,string,object[])
UnityEngine.Logger:Log (UnityEngine.LogType,object)
UnityEngine.Debug:LogError (object)
UnityEditor.EditorAssemblies:ProcessInitializeOnLoadMethodAttributes ()

Mono: successfully reloaded assembly
- Completed reload, in  1.247 seconds
Domain Reload Profiling:
	ReloadAssembly (1248ms)
		BeginReloadAssembly (143ms)
			ExecutionOrderSort (0ms)
			DisableScriptedObjects (4ms)
			BackupInstance (0ms)
			ReleaseScriptingObjects (0ms)
			CreateAndSetChildDomain (37ms)
		EndReloadAssembly (1031ms)
			LoadAssemblies (130ms)
			RebuildTransferFunctionScriptingTraits (0ms)
			SetupTypeCache (318ms)
			ReleaseScriptCaches (1ms)
			RebuildScriptCaches (44ms)
			SetupLoadedEditorAssemblies (409ms)
				LogAssemblyErrors (0ms)
				InitializePlatformSupportModulesInManaged (5ms)
				SetLoadedEditorAssemblies (1ms)
				RefreshPlugins (1ms)
				BeforeProcessingInitializeOnLoad (79ms)
				ProcessInitializeOnLoadAttributes (292ms)
				ProcessInitializeOnLoadMethodAttributes (22ms)
				AfterProcessingInitializeOnLoad (10ms)
				EditorAssembliesLoaded (0ms)
			ExecutionOrderSort2 (0ms)
			AwakeInstancesAfterBackupRestoration (7ms)
Platform modules already initialized, skipping
Switching build target platform(19) subTarget(0) extendedPlatform(0) -> platform(13) subTarget(524288) extendedPlatform(0)
Refreshing native plugins compatible for Editor in 0.56 ms, found 5 plugins.
Preloading 1 native plugins for Editor in 0.12 ms.
Unloading 2233 Unused Serialized files (Serialized files now loaded: 0)
System memory in use before: 94.7 MB.
System memory in use after: 94.8 MB.

Unloading 14 unused Assets to reduce memory usage. Loaded Objects now: 2690.
Total: 3.193700 ms (FindLiveObjects: 0.182700 ms CreateObjectMapping: 0.097400 ms MarkObjects: 2.889000 ms  DeleteObjects: 0.023800 ms)

AssetImportParameters requested are different than current active one (requested -> active):
  custom:framework-win-MediaFoundation: 216162199b28c13a410421893ffa2e32 -> 
  custom:video-decoder-ogg-theora: a1e56fd34408186e4bbccfd4996cb3dc -> 
  custom:container-muxer-webm: aa71ff27fc2769a1b78a27578f13a17b -> 
  custom:container-demuxer-webm: 4f35f7cbe854078d1ac9338744f61a02 -> 
  custom:container-demuxer-ogg: 62fdf1f143b41e24485cea50d1cbac27 -> 
  custom:video-encoder-webm-vp8: eb34c28f22e8b96e1ab97ce403110664 -> 
  custom:video-codec-MediaFoundation-h265: 746d11721c4dcdbdad8f713fa42b33f4 -> 
  custom:video-decoder-webm-vp8: 9c59270c3fd7afecdb556c50c9e8de78 -> 
  custom:graphics/normal-map-encoding: 01000000000000000000000000000000 -> 02000000000000000000000000000000
  custom:audio-decoder-ogg-vorbis: bf7c407c2cedff20999df2af8eb42d56 -> 
  custom:audio-encoder-webm-vorbis: bf7c407c2cedff20999df2af8eb42d56 -> 
========================================================================
Received Import Request.
  Time since last request: 300.888643 seconds.
  path: Assets/Scenes/MainMenu.unity
  artifactKey: Guid(cbf715adf107d004aa62b40b52754765) Importer(815301076,1909f56bfc062723c751e8b465ee728b)
Start importing Assets/Scenes/MainMenu.unity using Guid(cbf715adf107d004aa62b40b52754765) Importer(815301076,1909f56bfc062723c751e8b465ee728b)  -> (artifact id: 'c1e261b3816d33960fc251fcccdb2370') in 0.009579 seconds 
========================================================================
Received Import Request.
  Time since last request: 220.718710 seconds.
  path: Assets/Scenes/Game.unity
  artifactKey: Guid(9fc0d4010bbf28b4594072e72b8655ab) Importer(815301076,1909f56bfc062723c751e8b465ee728b)
Start importing Assets/Scenes/Game.unity using Guid(9fc0d4010bbf28b4594072e72b8655ab) Importer(815301076,1909f56bfc062723c751e8b465ee728b)  -> (artifact id: '358b15c0de04ff2310a741d6d9bd1a7a') in 0.005112 seconds 
========================================================================
Received Import Request.
  Time since last request: 25.889473 seconds.
  path: Assets/Scripts/HighScore.asset
  artifactKey: Guid(afbe942282432204e970bd7f58434128) Importer(815301076,1909f56bfc062723c751e8b465ee728b)
Start importing Assets/Scripts/HighScore.asset using Guid(afbe942282432204e970bd7f58434128) Importer(815301076,1909f56bfc062723c751e8b465ee728b)  -> (artifact id: 'f95a87f1467bc8c5a47c481aab624a3b') in 0.074589 seconds 
========================================================================
Received Import Request.
  Time since last request: 50.450951 seconds.
  path: Assets/Scenes/MainMenu.unity
  artifactKey: Guid(cbf715adf107d004aa62b40b52754765) Importer(815301076,1909f56bfc062723c751e8b465ee728b)
Start importing Assets/Scenes/MainMenu.unity using Guid(cbf715adf107d004aa62b40b52754765) Importer(815301076,1909f56bfc062723c751e8b465ee728b)  -> (artifact id: '4fb66f570c15c3f77f3fc429250c09d1') in 0.006152 seconds 
========================================================================
Received Import Request.
  Time since last request: 23.852113 seconds.
  path: Assets/Scenes/Game.unity
  artifactKey: Guid(9fc0d4010bbf28b4594072e72b8655ab) Importer(815301076,1909f56bfc062723c751e8b465ee728b)
Start importing Assets/Scenes/Game.unity using Guid(9fc0d4010bbf28b4594072e72b8655ab) Importer(815301076,1909f56bfc062723c751e8b465ee728b)  -> (artifact id: '4bb8a5c11fc35497dc02fce3e52a6483') in 0.006871 seconds 
========================================================================
Received Import Request.
  Time since last request: 6.040514 seconds.
  path: Assets/Scenes/MainMenu.unity
  artifactKey: Guid(cbf715adf107d004aa62b40b52754765) Importer(815301076,1909f56bfc062723c751e8b465ee728b)
Start importing Assets/Scenes/MainMenu.unity using Guid(cbf715adf107d004aa62b40b52754765) Importer(815301076,1909f56bfc062723c751e8b465ee728b)  -> (artifact id: '1363a4c4e198bf1f37f57f1f7bae7ada') in 0.004604 seconds 
========================================================================
Received Import Request.
  Time since last request: 148.051886 seconds.
  path: Assets/Scenes/MainMenu.unity
  artifactKey: Guid(cbf715adf107d004aa62b40b52754765) Importer(815301076,1909f56bfc062723c751e8b465ee728b)
Start importing Assets/Scenes/MainMenu.unity using Guid(cbf715adf107d004aa62b40b52754765) Importer(815301076,1909f56bfc062723c751e8b465ee728b)  -> (artifact id: '5fe44db0f8a83ea5fdec999e7cac58b2') in 0.004633 seconds 
========================================================================
Received Import Request.
  Time since last request: 674.418021 seconds.
  path: Assets/Scripts/GameMenu.cs
  artifactKey: Guid(724ec8364dbf55b4e81c9d2bfe134d9d) Importer(815301076,1909f56bfc062723c751e8b465ee728b)
Start importing Assets/Scripts/GameMenu.cs using Guid(724ec8364dbf55b4e81c9d2bfe134d9d) Importer(815301076,1909f56bfc062723c751e8b465ee728b)  -> (artifact id: '9acf21ba04da8f6f8ba4b709a2a82ad6') in 0.018250 seconds 
========================================================================
Received Import Request.
  Time since last request: 260.330402 seconds.
  path: Assets/Scenes/Game.unity
  artifactKey: Guid(9fc0d4010bbf28b4594072e72b8655ab) Importer(815301076,1909f56bfc062723c751e8b465ee728b)
Start importing Assets/Scenes/Game.unity using Guid(9fc0d4010bbf28b4594072e72b8655ab) Importer(815301076,1909f56bfc062723c751e8b465ee728b)  -> (artifact id: 'f89c75bda9222f09a759cc8207fe7e00') in 0.005469 seconds 
========================================================================
Received Import Request.
  Time since last request: 0.360203 seconds.
  path: Assets/Scenes/MainMenu.unity
  artifactKey: Guid(cbf715adf107d004aa62b40b52754765) Importer(815301076,1909f56bfc062723c751e8b465ee728b)
Start importing Assets/Scenes/MainMenu.unity using Guid(cbf715adf107d004aa62b40b52754765) Importer(815301076,1909f56bfc062723c751e8b465ee728b)  -> (artifact id: '29c46a32faccf276d4e772172621d2da') in 0.006158 seconds 
========================================================================
Received Import Request.
  Time since last request: 119.362124 seconds.
  path: Assets/Material
  artifactKey: Guid(94ae405db86a2704d935131f5e515107) Importer(815301076,1909f56bfc062723c751e8b465ee728b)
Start importing Assets/Material using Guid(94ae405db86a2704d935131f5e515107) Importer(815301076,1909f56bfc062723c751e8b465ee728b)  -> (artifact id: 'af5370644615cc3c7ffdd32f87104a9f') in 0.009647 seconds 
========================================================================
Received Import Request.
  Time since last request: 7.114995 seconds.
  path: Assets/Material/New Material.mat
  artifactKey: Guid(cbb27a4e0fcd942409cac8ec471d34bd) Importer(815301076,1909f56bfc062723c751e8b465ee728b)
Start importing Assets/Material/New Material.mat using Guid(cbb27a4e0fcd942409cac8ec471d34bd) Importer(815301076,1909f56bfc062723c751e8b465ee728b)  -> (artifact id: '22809515f695d725eee6ac287a54d5e1') in 0.396224 seconds 
========================================================================
Received Import Request.
  Time since last request: 25.519462 seconds.
  path: Assets/Material/BG IMAGE.mat
  artifactKey: Guid(cbb27a4e0fcd942409cac8ec471d34bd) Importer(815301076,1909f56bfc062723c751e8b465ee728b)
Start importing Assets/Material/BG IMAGE.mat using Guid(cbb27a4e0fcd942409cac8ec471d34bd) Importer(815301076,1909f56bfc062723c751e8b465ee728b)  -> (artifact id: '17d4e28f1ad10e8240f0ba03d23fde75') in 0.089188 seconds 
========================================================================
Received Import Request.
  Time since last request: 97.940057 seconds.
  path: Assets/Material/bg.jpg
  artifactKey: Guid(c118cdc3bb0d3a349869eb88d6d2b0c0) Importer(815301076,1909f56bfc062723c751e8b465ee728b)
Start importing Assets/Material/bg.jpg using Guid(c118cdc3bb0d3a349869eb88d6d2b0c0) Importer(815301076,1909f56bfc062723c751e8b465ee728b)  -> (artifact id: '08f062b8f6701ca86a772435de36525c') in 0.034144 seconds 
========================================================================
Received Import Request.
  Time since last request: 90.363425 seconds.
  path: Assets/Material/bg.jpg
  artifactKey: Guid(c118cdc3bb0d3a349869eb88d6d2b0c0) Importer(815301076,1909f56bfc062723c751e8b465ee728b)
Start importing Assets/Material/bg.jpg using Guid(c118cdc3bb0d3a349869eb88d6d2b0c0) Importer(815301076,1909f56bfc062723c751e8b465ee728b)  -> (artifact id: '2d1d73aef959cf448301bbaeadc25e48') in 0.058812 seconds 
========================================================================
Received Import Request.
  Time since last request: 85.532361 seconds.
  path: Assets/Material/BG IMAGE.mat
  artifactKey: Guid(cbb27a4e0fcd942409cac8ec471d34bd) Importer(815301076,1909f56bfc062723c751e8b465ee728b)
Start importing Assets/Material/BG IMAGE.mat using Guid(cbb27a4e0fcd942409cac8ec471d34bd) Importer(815301076,1909f56bfc062723c751e8b465ee728b)  -> (artifact id: '132812e790b0e492c7494e2bc9427742') in 0.044218 seconds 
========================================================================
Received Import Request.
  Time since last request: 43.636941 seconds.
  path: Assets/Scenes/MainMenu.unity
  artifactKey: Guid(cbf715adf107d004aa62b40b52754765) Importer(815301076,1909f56bfc062723c751e8b465ee728b)
Start importing Assets/Scenes/MainMenu.unity using Guid(cbf715adf107d004aa62b40b52754765) Importer(815301076,1909f56bfc062723c751e8b465ee728b)  -> (artifact id: 'c115422fb398946d55f0e70820ffa0ba') in 0.009284 seconds 
========================================================================
Received Import Request.
  Time since last request: 131.387588 seconds.
  path: Assets/Scenes/Game.unity
  artifactKey: Guid(9fc0d4010bbf28b4594072e72b8655ab) Importer(815301076,1909f56bfc062723c751e8b465ee728b)
Start importing Assets/Scenes/Game.unity using Guid(9fc0d4010bbf28b4594072e72b8655ab) Importer(815301076,1909f56bfc062723c751e8b465ee728b)  -> (artifact id: '4a4433189f3ca946f54cd4271f2f3cc1') in 0.010410 seconds 
========================================================================
Received Import Request.
  Time since last request: 442.469594 seconds.
  path: Assets/GameManager.cs
  artifactKey: Guid(325d34856f6f9f3419bd840c168a6a41) Importer(815301076,1909f56bfc062723c751e8b465ee728b)
Start importing Assets/GameManager.cs using Guid(325d34856f6f9f3419bd840c168a6a41) Importer(815301076,1909f56bfc062723c751e8b465ee728b)  -> (artifact id: '0477f7a32b80169613e3e655cb8a8ef7') in 0.013812 seconds 
========================================================================
Received Prepare
Registering precompiled user dll's ...
Registered in 0.024160 seconds.
Begin MonoManager ReloadAssembly
Native extension for WindowsStandalone target not found
Native extension for WebGL target not found
Refreshing native plugins compatible for Editor in 0.63 ms, found 5 plugins.
Preloading 1 native plugins for Editor in 0.16 ms.
System.Reflection.TargetInvocationException: Exception has been thrown by the target of an invocation. ---> System.NullReferenceException: Object reference not set to an instance of an object
  at Unity.XR.Oculus.OculusLoader.AssetPathToAbsolutePath (System.String assetPath) [0x00048] in C:\Users\divis\Documents\IIIT Hyderabad\2nd sem\My project (1)\Library\PackageCache\com.unity.xr.oculus@1.12.0\Runtime\OculusLoader.cs:251 
  at Unity.XR.Oculus.OculusLoader.EditorLoadOVRPlugin () [0x0007b] in C:\Users\divis\Documents\IIIT Hyderabad\2nd sem\My project (1)\Library\PackageCache\com.unity.xr.oculus@1.12.0\Runtime\OculusLoader.cs:236 
  at (wrapper managed-to-native) System.Reflection.MonoMethod.InternalInvoke(System.Reflection.MonoMethod,object,object[],System.Exception&)
  at System.Reflection.MonoMethod.Invoke (System.Object obj, System.Reflection.BindingFlags invokeAttr, System.Reflection.Binder binder, System.Object[] parameters, System.Globalization.CultureInfo culture) [0x00032] in <695d1cc93cca45069c528c15c9fdd749>:0 
   --- End of inner exception stack trace ---
  at System.Reflection.MonoMethod.Invoke (System.Object obj, System.Reflection.BindingFlags invokeAttr, System.Reflection.Binder binder, System.Object[] parameters, System.Globalization.CultureInfo culture) [0x00048] in <695d1cc93cca45069c528c15c9fdd749>:0 
  at System.Reflection.MethodBase.Invoke (System.Object obj, System.Object[] parameters) [0x00000] in <695d1cc93cca45069c528c15c9fdd749>:0 
  at UnityEditor.EditorAssemblies.ProcessInitializeOnLoadMethodAttributes () [0x00047] in <294703faec74477f8b275446429fba82>:0 
UnityEngine.StackTraceUtility:ExtractStackTrace ()
UnityEngine.DebugLogHandler:LogFormat (UnityEngine.LogType,UnityEngine.Object,string,object[])
UnityEngine.Logger:Log (UnityEngine.LogType,object)
UnityEngine.Debug:LogError (object)
UnityEditor.EditorAssemblies:ProcessInitializeOnLoadMethodAttributes ()

Mono: successfully reloaded assembly
- Completed reload, in  1.252 seconds
Domain Reload Profiling:
	ReloadAssembly (1252ms)
		BeginReloadAssembly (154ms)
			ExecutionOrderSort (0ms)
			DisableScriptedObjects (4ms)
			BackupInstance (0ms)
			ReleaseScriptingObjects (0ms)
			CreateAndSetChildDomain (44ms)
		EndReloadAssembly (1017ms)
			LoadAssemblies (141ms)
			RebuildTransferFunctionScriptingTraits (0ms)
			SetupTypeCache (330ms)
			ReleaseScriptCaches (1ms)
			RebuildScriptCaches (44ms)
			SetupLoadedEditorAssemblies (375ms)
				LogAssemblyErrors (0ms)
				InitializePlatformSupportModulesInManaged (5ms)
				SetLoadedEditorAssemblies (1ms)
				RefreshPlugins (1ms)
				BeforeProcessingInitializeOnLoad (69ms)
				ProcessInitializeOnLoadAttributes (268ms)
				ProcessInitializeOnLoadMethodAttributes (21ms)
				AfterProcessingInitializeOnLoad (10ms)
				EditorAssembliesLoaded (0ms)
			ExecutionOrderSort2 (0ms)
			AwakeInstancesAfterBackupRestoration (6ms)
Platform modules already initialized, skipping
Switching build target platform(19) subTarget(0) extendedPlatform(0) -> platform(13) subTarget(524288) extendedPlatform(0)
Refreshing native plugins compatible for Editor in 0.58 ms, found 5 plugins.
Preloading 1 native plugins for Editor in 0.12 ms.
Unloading 2233 Unused Serialized files (Serialized files now loaded: 0)
System memory in use before: 98.2 MB.
System memory in use after: 98.4 MB.

Unloading 14 unused Assets to reduce memory usage. Loaded Objects now: 2737.
Total: 3.428900 ms (FindLiveObjects: 0.235600 ms CreateObjectMapping: 0.111000 ms MarkObjects: 3.052200 ms  DeleteObjects: 0.029400 ms)

AssetImportParameters requested are different than current active one (requested -> active):
  custom:framework-win-MediaFoundation: 216162199b28c13a410421893ffa2e32 -> 
  custom:video-decoder-ogg-theora: a1e56fd34408186e4bbccfd4996cb3dc -> 
  custom:container-muxer-webm: aa71ff27fc2769a1b78a27578f13a17b -> 
  custom:container-demuxer-webm: 4f35f7cbe854078d1ac9338744f61a02 -> 
  custom:container-demuxer-ogg: 62fdf1f143b41e24485cea50d1cbac27 -> 
  custom:video-encoder-webm-vp8: eb34c28f22e8b96e1ab97ce403110664 -> 
  custom:video-codec-MediaFoundation-h265: 746d11721c4dcdbdad8f713fa42b33f4 -> 
  custom:video-decoder-webm-vp8: 9c59270c3fd7afecdb556c50c9e8de78 -> 
  custom:graphics/normal-map-encoding: 01000000000000000000000000000000 -> 02000000000000000000000000000000
  custom:audio-decoder-ogg-vorbis: bf7c407c2cedff20999df2af8eb42d56 -> 
  custom:audio-encoder-webm-vorbis: bf7c407c2cedff20999df2af8eb42d56 -> 
========================================================================
Received Prepare
Registering precompiled user dll's ...
Registered in 0.006496 seconds.
Begin MonoManager ReloadAssembly
Native extension for WindowsStandalone target not found
Native extension for WebGL target not found
Refreshing native plugins compatible for Editor in 0.55 ms, found 5 plugins.
Preloading 1 native plugins for Editor in 0.14 ms.
System.Reflection.TargetInvocationException: Exception has been thrown by the target of an invocation. ---> System.NullReferenceException: Object reference not set to an instance of an object
  at Unity.XR.Oculus.OculusLoader.AssetPathToAbsolutePath (System.String assetPath) [0x00048] in C:\Users\divis\Documents\IIIT Hyderabad\2nd sem\My project (1)\Library\PackageCache\com.unity.xr.oculus@1.12.0\Runtime\OculusLoader.cs:251 
  at Unity.XR.Oculus.OculusLoader.EditorLoadOVRPlugin () [0x0007b] in C:\Users\divis\Documents\IIIT Hyderabad\2nd sem\My project (1)\Library\PackageCache\com.unity.xr.oculus@1.12.0\Runtime\OculusLoader.cs:236 
  at (wrapper managed-to-native) System.Reflection.MonoMethod.InternalInvoke(System.Reflection.MonoMethod,object,object[],System.Exception&)
  at System.Reflection.MonoMethod.Invoke (System.Object obj, System.Reflection.BindingFlags invokeAttr, System.Reflection.Binder binder, System.Object[] parameters, System.Globalization.CultureInfo culture) [0x00032] in <695d1cc93cca45069c528c15c9fdd749>:0 
   --- End of inner exception stack trace ---
  at System.Reflection.MonoMethod.Invoke (System.Object obj, System.Reflection.BindingFlags invokeAttr, System.Reflection.Binder binder, System.Object[] parameters, System.Globalization.CultureInfo culture) [0x00048] in <695d1cc93cca45069c528c15c9fdd749>:0 
  at System.Reflection.MethodBase.Invoke (System.Object obj, System.Object[] parameters) [0x00000] in <695d1cc93cca45069c528c15c9fdd749>:0 
  at UnityEditor.EditorAssemblies.ProcessInitializeOnLoadMethodAttributes () [0x00047] in <294703faec74477f8b275446429fba82>:0 
UnityEngine.StackTraceUtility:ExtractStackTrace ()
UnityEngine.DebugLogHandler:LogFormat (UnityEngine.LogType,UnityEngine.Object,string,object[])
UnityEngine.Logger:Log (UnityEngine.LogType,object)
UnityEngine.Debug:LogError (object)
UnityEditor.EditorAssemblies:ProcessInitializeOnLoadMethodAttributes ()

Mono: successfully reloaded assembly
- Completed reload, in  1.297 seconds
Domain Reload Profiling:
	ReloadAssembly (1298ms)
		BeginReloadAssembly (153ms)
			ExecutionOrderSort (0ms)
			DisableScriptedObjects (5ms)
			BackupInstance (0ms)
			ReleaseScriptingObjects (0ms)
			CreateAndSetChildDomain (45ms)
		EndReloadAssembly (1064ms)
			LoadAssemblies (126ms)
			RebuildTransferFunctionScriptingTraits (0ms)
			SetupTypeCache (355ms)
			ReleaseScriptCaches (1ms)
			RebuildScriptCaches (45ms)
			SetupLoadedEditorAssemblies (388ms)
				LogAssemblyErrors (0ms)
				InitializePlatformSupportModulesInManaged (5ms)
				SetLoadedEditorAssemblies (1ms)
				RefreshPlugins (1ms)
				BeforeProcessingInitializeOnLoad (83ms)
				ProcessInitializeOnLoadAttributes (267ms)
				ProcessInitializeOnLoadMethodAttributes (21ms)
				AfterProcessingInitializeOnLoad (10ms)
				EditorAssembliesLoaded (0ms)
			ExecutionOrderSort2 (0ms)
			AwakeInstancesAfterBackupRestoration (6ms)
Platform modules already initialized, skipping
Switching build target platform(19) subTarget(0) extendedPlatform(0) -> platform(13) subTarget(524288) extendedPlatform(0)
Refreshing native plugins compatible for Editor in 0.54 ms, found 5 plugins.
Preloading 1 native plugins for Editor in 0.12 ms.
Unloading 2233 Unused Serialized files (Serialized files now loaded: 0)
System memory in use before: 98.2 MB.
System memory in use after: 98.4 MB.

Unloading 14 unused Assets to reduce memory usage. Loaded Objects now: 2741.
Total: 3.857600 ms (FindLiveObjects: 0.236300 ms CreateObjectMapping: 0.114000 ms MarkObjects: 3.482100 ms  DeleteObjects: 0.024500 ms)

AssetImportParameters requested are different than current active one (requested -> active):
  custom:framework-win-MediaFoundation: 216162199b28c13a410421893ffa2e32 -> 
  custom:video-decoder-ogg-theora: a1e56fd34408186e4bbccfd4996cb3dc -> 
  custom:container-muxer-webm: aa71ff27fc2769a1b78a27578f13a17b -> 
  custom:container-demuxer-webm: 4f35f7cbe854078d1ac9338744f61a02 -> 
  custom:container-demuxer-ogg: 62fdf1f143b41e24485cea50d1cbac27 -> 
  custom:video-encoder-webm-vp8: eb34c28f22e8b96e1ab97ce403110664 -> 
  custom:video-codec-MediaFoundation-h265: 746d11721c4dcdbdad8f713fa42b33f4 -> 
  custom:video-decoder-webm-vp8: 9c59270c3fd7afecdb556c50c9e8de78 -> 
  custom:graphics/normal-map-encoding: 01000000000000000000000000000000 -> 02000000000000000000000000000000
  custom:audio-decoder-ogg-vorbis: bf7c407c2cedff20999df2af8eb42d56 -> 
  custom:audio-encoder-webm-vorbis: bf7c407c2cedff20999df2af8eb42d56 -> 
AssetImportWorkerClient::OnTransportError - code=2 error=End of file
